============================= test session starts ==============================
platform linux -- Python 3.7.6, pytest-5.3.2, py-1.8.0, pluggy-0.13.1
rootdir: /github/workspace
plugins: cov-2.8.1
collected 8 items

testing/test_10_1.py F                                                   [ 12%]
testing/test_4_1.py .                                                    [ 25%]
testing/test_5_1.py .                                                    [ 37%]
testing/test_5_6.py .                                                    [ 50%]
testing/test_6_1.py .                                                    [ 62%]
testing/test_7_1.py .                                                    [ 75%]
testing/test_8_1.py .                                                    [ 87%]
testing/test_9_1.py .                                                    [100%]

=================================== FAILURES ===================================
_____________________________________ test _____________________________________

    def test():
        test_data = read_tsv("10_1.tsv", test_schema)
        for test_number, test in enumerate(test_data):
>           assert (
                solution.sol(*test.test) == test.sol
            ), f"test_number: {test_number}: {test.test}; {test.sol}; {test.desc}"
E           AssertionError: test_number: 1: [[-20, -7, -6, -5, -2, 1, 3, 10, 11, 16], [-21, -19, -18, -13, -13, -12, -3, -2, 1, 3, 3, 6, 21], [-22, -15, -13, -12, -12, -6, -2, 0, 0, 4, 5, 7, 9, 10, 13, 13, 17, 17, 23, 23, 24, 24], [-24, -17, -10, -10, -6, -6, -3, -1, 0, 9, 15, 21, 22, 24], [-17, -17, -12, -11, -9, -8, -4, -4, 2, 5, 9, 17], [-21, -20, -9, 9, 14, 21, 23], [-22, -12, -10, -3, 5, 9, 16, 22, 24], [-21, -19, -17, -13, -12, -11, -9, -9, -4, 0, 0, 1, 1, 5, 7, 8, 8, 11, 15, 16, 19, 24], [-24, -4, -3, 1, 2, 3, 8, 12, 12], [-6, 13, 15, 17, 18], [-24, 4, 7, 10, 15], [-23, -10, -9, 5, 6, 6, 13, 16, 23], [-13, -5, -1, 0, 2, 7, 7, 9, 11, 13, 24], [-23, -20, -18, -10, -8, -5, -3, -2, -1, 2, 2, 4, 6, 8, 12, 13, 17], [-24, -24, -21, -19, -8, -3, 0, 2, 5, 6, 11, 17, 18, 20, 21], [-18, -16, -14, -13, -9, -8, -7, -5, 0, 0, 4, 4, 5, 8, 8, 9, 24], [-17, -12, -6, -2], [-24, -19, -19, -17, -12, -12, -11, -10, -9, -8, -7, -4, -3, 1, 3, 7, 8, 9, 10, 11, 16, 18, 21], [-14, -3, 1, 16, 24], [-23, -21, -19, -18, -17, -17, -14, -13, -8, -6, 0, 2, 5, 12, 12, 22, 23, 23], [-22, -20, -9, -5, -1, 4, 7, 12, 18, 22], [-23, -18, -17, -16, -15, 1, 4, 14, 16, 18, 19, 21, 23, 24], [-24, -22, -21, -21, -20, -15, -13, -9, -6, -4, 0, 0, 1, 5, 5, 6, 6, 8, 12, 13, 14, 17, 19], [-22, -19, 1]]; [-24, -24, -24, -24, -24, -24, -24, -23, -23, -23, -23, -22, -22, -22, -22, -22, -21, -21, -21, -21, -21, -21, -21, -20, -20, -20, -20, -20, -19, -19, -19, -19, -19, -19, -19, -18, -18, -18, -18, -18, -17, -17, -17, -17, -17, -17, -17, -17, -17, -16, -16, -15, -15, -15, -14, -14, -14, -13, -13, -13, -13, -13, -13, -13, -13, -12, -12, -12, -12, -12, -12, -12, -12, -12, -11, -11, -11, -10, -10, -10, -10, -10, -10, -9, -9, -9, -9, -9, -9, -9, -9, -9, -8, -8, -8, -8, -8, -8, -7, -7, -7, -6, -6, -6, -6, -6, -6, -6, -6, -5, -5, -5, -5, -5, -4, -4, -4, -4, -4, -4, -3, -3, -3, -3, -3, -3, -3, -3, -2, -2, -2, -2, -2, -1, -1, -1, -1, 0, 0, 0, 0, 0, 0, 0, 0, 0, 0, 0, 0, 1, 1, 1, 1, 1, 1, 1, 1, 1, 1, 2, 2, 2, 2, 2, 2, 2, 3, 3, 3, 3, 3, 4, 4, 4, 4, 4, 4, 4, 5, 5, 5, 5, 5, 5, 5, 5, 5, 5, 6, 6, 6, 6, 6, 6, 6, 7, 7, 7, 7, 7, 7, 7, 8, 8, 8, 8, 8, 8, 8, 8, 9, 9, 9, 9, 9, 9, 9, 9, 10, 10, 10, 10, 11, 11, 11, 11, 11, 12, 12, 12, 12, 12, 12, 12, 13, 13, 13, 13, 13, 13, 13, 14, 14, 14, 15, 15, 15, 15, 16, 16, 16, 16, 16, 16, 16, 17, 17, 17, 17, 17, 17, 17, 18, 18, 18, 18, 18, 19, 19, 19, 20, 21, 21, 21, 21, 21, 21, 22, 22, 22, 22, 23, 23, 23, 23, 23, 23, 23, 24, 24, 24, 24, 24, 24, 24, 24, 24]; TODO
E           assert [-24, -24, -2...-24, -22, ...] == [-24, -24, -2...-24, -24, ...]
E             At index 5 diff: -22 != -24
E             Use -v to get the full diff

testing/test_10_1.py:18: AssertionError

----------- coverage: platform linux, python 3.7.6-final-0 -----------
Name                             Stmts   Miss  Cover
----------------------------------------------------
problems/_10_1/sol.py               17      0   100%
problems/_4_1/sol.py                29      0   100%
problems/_5_1/sol.py                51      0   100%
problems/_5_6/sol.py                11      0   100%
problems/_6_1/sol.py                34     11    68%
problems/_7_1/sol.py                28      0   100%
problems/_8_1/sol.py                26      3    88%
problems/_9_1/sol.py                17      0   100%
problems/__init__.py                 0      0   100%
problems/utils/__init__.py           0      0   100%
problems/utils/binary_tree.py       45      7    84%
problems/utils/linked_list.py       81     15    81%
testing/__init__.py                  3      0   100%
testing/test_10_1.py                12      0   100%
testing/test_4_1.py                 11      0   100%
testing/test_5_1.py                 12      0   100%
testing/test_5_6.py                 13      0   100%
testing/test_6_1.py                 12      0   100%
testing/test_7_1.py                 14      0   100%
testing/test_8_1.py                 23      2    91%
testing/test_9_1.py                 15      0   100%
testing/test_utils/__init__.py       0      0   100%
testing/test_utils/read_tsv.py      23      0   100%
----------------------------------------------------
TOTAL                              477     38    92%

=================== 1 failed, 7 passed in 378.55s (0:06:18) ====================
